open source     > level 1, order 1, name '/usr/local/texlive/2019/texmf-dist/tex/context/base/mkiv/cont-yes.mkiv'
system          > 
system          > ConTeXt  ver: 2019.03.21 21:39 MKIV beta  fmt: 2020.4.14  int: english/english
system          > 
system          > 'cont-new.mkiv' loaded
open source     > level 2, order 2, name '/usr/local/texlive/2019/texmf-dist/tex/context/base/mkiv/cont-new.mkiv'
system          > beware: some patches loaded from cont-new.mkiv
close source    > level 2, order 2, name '/usr/local/texlive/2019/texmf-dist/tex/context/base/mkiv/cont-new.mkiv'
system          > files > jobname 'manual', input './manual', result 'manual'
fonts           > latin modern fonts are not preloaded
languages       > language 'en' is active
open source     > level 2, order 3, name '/Users/svadoe/projects/soho/softoffice/utils/manual/manual.tex'
loading         > ConTeXt Verbatim Macros / Pretty SQL Verbatim
fonts           > preloading latin modern fonts (second stage)
fonts           > 'fallback modern-designsize rm 12pt' is loaded
backend         > xmp > using file '/usr/local/texlive/2019/texmf-dist/tex/context/base/mkiv/lpdf-pdx.xml'
pages           > flushing realpage 1, userpage 1, subpage 1
structure       > sectioning > title @ level 2 : 0.0 -> \headtext {content}
pages           > flushing realpage 2, userpage 1, subpage 2
structure       > sectioning > chapter @ level 2 : 0.1 -> Introducción
pages           > flushing realpage 3, userpage 2, subpage 3
structure       > sectioning > chapter @ level 2 : 0.2 -> Script
structure       > sectioning > section @ level 3 : 0.2.1 -> \#personas
structure       > sectioning > section @ level 3 : 0.2.2 -> \#per_doc
structure       > sectioning > section @ level 3 : 0.2.3 -> \#per_tel
pages           > flushing realpage 4, userpage 3, subpage 4
structure       > sectioning > section @ level 3 : 0.2.4 -> \#per_dom
structure       > sectioning > section @ level 3 : 0.2.5 -> \#per_atributos
structure       > sectioning > section @ level 3 : 0.2.6 -> \#cuentas
structure       > sectioning > section @ level 3 : 0.2.7 -> \#cmb_cta
structure       > sectioning > section @ level 3 : 0.2.8 -> \#wf_sit_objetos
structure       > sectioning > section @ level 3 : 0.2.9 -> \#wf_cmb_objetos
structure       > sectioning > section @ level 3 : 0.2.10 -> \#movimientos
pages           > flushing realpage 5, userpage 4, subpage 5
structure       > sectioning > section @ level 3 : 0.2.11 -> \#acciones
structure       > sectioning > section @ level 3 : 0.2.12 -> \#wf_eventos
structure       > sectioning > section @ level 3 : 0.2.13 -> \#prestamos
structure       > sectioning > section @ level 3 : 0.2.14 -> \#prestamos_cuotas
structure       > sectioning > section @ level 3 : 0.2.15 -> \#tarjetas
structure       > sectioning > section @ level 3 : 0.2.16 -> \#tarjetas_venc
pages           > flushing realpage 6, userpage 5, subpage 6
structure       > sectioning > section @ level 3 : 0.2.17 -> \#reglas_x_cuentas
structure       > sectioning > section @ level 3 : 0.2.18 -> \#wf_reglas
structure       > sectioning > section @ level 3 : 0.2.19 -> \#add_reglas_performance
pages           > flushing realpage 7, userpage 6, subpage 7
close source    > level 2, order 3, name '/Users/svadoe/projects/soho/softoffice/utils/manual/manual.tex'
close source    > level 1, order 3, name '/usr/local/texlive/2019/texmf-dist/tex/context/base/mkiv/cont-yes.mkiv'

system          > start used files

system          > text: manual

system          > stop used files


system          > start used files

system          >    1: filename=char-prv.lua filetype=tex format=tex foundname=/usr/local/texlive/2019/texmf-dist/tex/context/base/mkiv/char-prv.lua fullname=/usr/local/texlive/2019/texmf-dist/tex/context/base/mkiv/char-prv.lua usedmethod=database
system          >    2: filename=cont-yes.mkiv filetype=tex foundname=/usr/local/texlive/2019/texmf-dist/tex/context/base/mkiv/cont-yes.mkiv fullname=/usr/local/texlive/2019/texmf-dist/tex/context/base/mkiv/cont-yes.mkiv usedmethod=database
system          >    3: filename=publ-imp-default.lua filetype=scripts foundname=/usr/local/texlive/2019/texmf-dist/tex/context/base/mkiv/publ-imp-default.lua fullname=/usr/local/texlive/2019/texmf-dist/tex/context/base/mkiv/publ-imp-default.lua usedmethod=database
system          >    4: filename=cont-new.mkiv filetype=tex foundname=/usr/local/texlive/2019/texmf-dist/tex/context/base/mkiv/cont-new.mkiv fullname=/usr/local/texlive/2019/texmf-dist/tex/context/base/mkiv/cont-new.mkiv usedmethod=database
system          >    5: filename=lang-exc.lua filetype=scripts foundname=/usr/local/texlive/2019/texmf-dist/tex/context/base/mkiv/lang-exc.lua fullname=/usr/local/texlive/2019/texmf-dist/tex/context/base/mkiv/lang-exc.lua usedmethod=database
system          >    6: filename=lang-us.lua filetype=scripts foundname=/usr/local/texlive/2019/texmf-dist/tex/context/patterns/mkiv/lang-us.lua fullname=/usr/local/texlive/2019/texmf-dist/tex/context/patterns/mkiv/lang-us.lua usedmethod=database
system          >    7: filename=/Users/svadoe/projects/soho/softoffice/utils/manual/manual.tex foundname=/Users/svadoe/projects/soho/softoffice/utils/manual/manual.tex fullname=/Users/svadoe/projects/soho/softoffice/utils/manual/manual.tex usedmethod=direct
system          >    8: filename=lm.lfg filetype=tex foundname=/usr/local/texlive/2019/texmf-dist/tex/context/fonts/mkiv/lm.lfg fullname=/usr/local/texlive/2019/texmf-dist/tex/context/fonts/mkiv/lm.lfg usedmethod=database
system          >    9: filename=lmroman12-regular filetype=otf format=otf foundname=/usr/local/texlive/2019/texmf-dist/fonts/opentype/public/lm/lmroman12-regular.otf fullname=/usr/local/texlive/2019/texmf-dist/fonts/opentype/public/lm/lmroman12-regular.otf usedmethod=database
system          >   10: filename=latinmodern-math.otf filetype=opentypefonts foundname=/usr/local/texlive/2019/texmf-dist/fonts/opentype/public/lm-math/latinmodern-math.otf fullname=/usr/local/texlive/2019/texmf-dist/fonts/opentype/public/lm-math/latinmodern-math.otf usedmethod=database
system          >   11: filename=pdftex.map filetype=map format=map foundname=/usr/local/texlive/2019/texmf-var/fonts/map/pdftex/updmap/pdftex.map fullname=/usr/local/texlive/2019/texmf-var/fonts/map/pdftex/updmap/pdftex.map usedmethod=database
system          >   12: filename=lpdf-pdx.xml filetype=tex foundname=/usr/local/texlive/2019/texmf-dist/tex/context/base/mkiv/lpdf-pdx.xml fullname=/usr/local/texlive/2019/texmf-dist/tex/context/base/mkiv/lpdf-pdx.xml usedmethod=database
system          >   13: filename=lmroman10-regular filetype=otf format=otf foundname=/usr/local/texlive/2019/texmf-dist/fonts/opentype/public/lm/lmroman10-regular.otf fullname=/usr/local/texlive/2019/texmf-dist/fonts/opentype/public/lm/lmroman10-regular.otf usedmethod=database
system          >   14: filename=lmromanslant12-regular filetype=otf format=otf foundname=/usr/local/texlive/2019/texmf-dist/fonts/opentype/public/lm/lmromanslant12-regular.otf fullname=/usr/local/texlive/2019/texmf-dist/fonts/opentype/public/lm/lmromanslant12-regular.otf usedmethod=database
system          >   15: filename=lmmono12-regular filetype=otf format=otf foundname=/usr/local/texlive/2019/texmf-dist/fonts/opentype/public/lm/lmmono12-regular.otf fullname=/usr/local/texlive/2019/texmf-dist/fonts/opentype/public/lm/lmmono12-regular.otf usedmethod=database

system          > stop used files


system          > start commandline options

system          > currentrun="2"
system          > fulljobname="./manual.tex"
system          > input="./manual.tex"
system          > kindofrun="2"
system          > maxnofruns="9"
system          > texmfbinpath="/usr/local/texlive/2019/bin/x86_64-darwin"

system          > stop commandline options


system          > start commandline files

system          >    1: ./manual.tex

system          > stop commandline files


modules         > start used modules


modules         > stop used modules


mkiv lua stats  > used config file: selfautoparent:/texmfcnf.lua;selfautoparent:/texmf-dist/web2c/texmfcnf.lua
mkiv lua stats  > used cache path: readable+writable: '/var/folders/0_/qkkmcp7s4xzb0xfsc2qr5jc00000gn/T/luatex-cache/context/a86c089b384a3076dc514ba966a1fac9'
mkiv lua stats  > resource resolver: loadtime 0.091 seconds, 0 scans with scantime 0.000 seconds, 0 shared scans, 15 found files, scanned paths: <none>
mkiv lua stats  > stored bytecode data: 443 modules (0.288 sec), 93 tables (0.011 sec), 536 chunks (0.299 sec)
mkiv lua stats  > traced context: maxstack: 1369, freed: 0, unreachable: 1369
mkiv lua stats  > cleaned up reserved nodes: 53 nodes, 9 lists of 440
mkiv lua stats  > node memory usage: 1 glue, 3 kern, 3 penalty, 14 attribute, 50 glue_spec, 4 attribute_list, 2 temp, 2 user_defined
mkiv lua stats  > node list callback tasks: 8 unique task lists, 7 instances (re)created, 1405 calls
mkiv lua stats  > driver time: 0.087 seconds 
mkiv lua stats  > used backend: pdf (backend for directly generating pdf output)
mkiv lua stats  > jobdata time: 0.003 seconds saving, 0.001 seconds loading
mkiv lua stats  > callbacks: internal: 2765, file: 302, direct: 2, late: 22, function 1237, total: 4328 (721 per page)
mkiv lua stats  > randomizer: resumed with value 0.073203389532864
mkiv lua stats  > result saved in file: manual.pdf, compresslevel 3, objectcompresslevel 1
mkiv lua stats  > loaded patterns: en::1, load time: 0.000
mkiv lua stats  > loaded fonts: 5 files: latinmodern-math.otf, lmmono12-regular.otf, lmroman10-regular.otf, lmroman12-regular.otf, lmromanslant12-regular.otf
mkiv lua stats  > font engine: otf 3.107, afm 1.513, tfm 1.000, 11 instances, 4 shared in backend, 3 common vectors, 1 common hashes, load time 0.192 seconds 
mkiv lua stats  > used platform: osx-64, type: unix, binary subtree: bin
mkiv lua stats  > used engine: luatex version 1.1 with functionality level 7127, banner: this is luatex, version 1.10.0 (tex live 2019)
mkiv lua stats  > control sequences: 45280 of 65536 + 100000
mkiv lua stats  > lua properties: engine: lua 5.3, used memory: 100 MB (ctx: 99 MB), hash chars: min(64,40), symbol mask: utf (τεχ)
mkiv lua stats  > runtime: 0.730 seconds, 7 processed pages, 7 shipped pages, 9.589 pages/second

